The system is: Darwin - 11.4.0 - i386
Compiling the C compiler identification source file "CMakeCCompilerId.c" succeeded.
Compiler: /usr/bin/gcc 
Build flags: 
Id flags: 

The output was:
0


Compilation of the C compiler identification source "CMakeCCompilerId.c" produced "a.out"

The C compiler identification is GNU, found in "/Users/contrarian/github/local/Daniel-Lewis-Learning-Directory/C++/LearnC++/Box2D_v2.2.1/CMakeFiles/CompilerIdC/a.out"

Compiling the CXX compiler identification source file "CMakeCXXCompilerId.cpp" succeeded.
Compiler: /usr/bin/g++ 
Build flags: 
Id flags: 

The output was:
0


Compilation of the CXX compiler identification source "CMakeCXXCompilerId.cpp" produced "a.out"

The CXX compiler identification is GNU, found in "/Users/contrarian/github/local/Daniel-Lewis-Learning-Directory/C++/LearnC++/Box2D_v2.2.1/CMakeFiles/CompilerIdCXX/a.out"

Determining if the C compiler works passed with the following output:
Change Dir: /Users/contrarian/github/local/Daniel-Lewis-Learning-Directory/C++/LearnC++/Box2D_v2.2.1/CMakeFiles/CMakeTmp

Run Build Command:/usr/local/Cellar/cmake/2.8.9/bin/cmakexbuild -project CMAKE_TRY_COMPILE.xcodeproj build -target cmTryCompileExec660956485 -configuration Debug
=== BUILD NATIVE TARGET cmTryCompileExec660956485 OF PROJECT CMAKE_TRY_COMPILE WITH CONFIGURATION Debug ===
Check dependencies

CompileC CMAKE_TRY_COMPILE.build/Debug/cmTryCompileExec660956485.build/Objects-normal/x86_64/testCCompiler.o testCCompiler.c normal x86_64 c com.apple.compilers.llvm.clang.1_0.compiler
    cd /Users/contrarian/github/local/Daniel-Lewis-Learning-Directory/C++/LearnC++/Box2D_v2.2.1/CMakeFiles/CMakeTmp
    /Applications/Xcode.app/Contents/Developer/Toolchains/XcodeDefault.xctoolchain/usr/bin/clang -x c -arch x86_64 -fmessage-length=0 -Wno-trigraphs -fpascal-strings -O0 -Wno-missing-field-initializers -Wno-missing-prototypes -Wno-return-type -Wformat -Wno-missing-braces -Wparentheses -Wswitch -Wno-unused-function -Wno-unused-label -Wno-unused-parameter -Wno-unused-variable -Wunused-value -Wno-uninitialized -Wno-unknown-pragmas -Wno-shadow -Wno-four-char-constants -Wno-conversion -Wno-sign-compare -Wno-shorten-64-to-32 -Wpointer-sign -Wno-newline-eof "-DCMAKE_INTDIR=\"Debug\"" -isysroot /Applications/Xcode.app/Contents/Developer/Platforms/MacOSX.platform/Developer/SDKs/MacOSX10.7.sdk -fasm-blocks -Wdeprecated-declarations -mmacosx-version-min=10.7 -g -Wno-sign-conversion -I/Users/contrarian/github/local/Daniel-Lewis-Learning-Directory/C++/LearnC++/Box2D_v2.2.1/CMakeFiles/CMakeTmp/Debug/include -I/Applications/Xcode.app/Contents/Developer/Toolchains/XcodeDefault.xctoolchain/usr/include -I/Users/contrarian/github/local/Daniel-Lewis-Learning-Directory/C++/LearnC++/Box2D_v2.2.1/CMakeFiles/CMakeTmp/CMAKE_TRY_COMPILE.build/Debug/cmTryCompileExec660956485.build/DerivedSources/x86_64 -I/Users/contrarian/github/local/Daniel-Lewis-Learning-Directory/C++/LearnC++/Box2D_v2.2.1/CMakeFiles/CMakeTmp/CMAKE_TRY_COMPILE.build/Debug/cmTryCompileExec660956485.build/DerivedSources -Wmost -Wno-four-char-constants -Wno-unknown-pragmas -F/Users/contrarian/github/local/Daniel-Lewis-Learning-Directory/C++/LearnC++/Box2D_v2.2.1/CMakeFiles/CMakeTmp/Debug -MMD -MT dependencies -MF /Users/contrarian/github/local/Daniel-Lewis-Learning-Directory/C++/LearnC++/Box2D_v2.2.1/CMakeFiles/CMakeTmp/CMAKE_TRY_COMPILE.build/Debug/cmTryCompileExec660956485.build/Objects-normal/x86_64/testCCompiler.d --serialize-diagnostics /Users/contrarian/github/local/Daniel-Lewis-Learning-Directory/C++/LearnC++/Box2D_v2.2.1/CMakeFiles/CMakeTmp/CMAKE_TRY_COMPILE.build/Debug/cmTryCompileExec660956485.build/Objects-normal/x86_64/testCCompiler.dia -c /Users/contrarian/github/local/Daniel-Lewis-Learning-Directory/C++/LearnC++/Box2D_v2.2.1/CMakeFiles/CMakeTmp/testCCompiler.c -o /Users/contrarian/github/local/Daniel-Lewis-Learning-Directory/C++/LearnC++/Box2D_v2.2.1/CMakeFiles/CMakeTmp/CMAKE_TRY_COMPILE.build/Debug/cmTryCompileExec660956485.build/Objects-normal/x86_64/testCCompiler.o

Ld Debug/cmTryCompileExec660956485 normal x86_64
    cd /Users/contrarian/github/local/Daniel-Lewis-Learning-Directory/C++/LearnC++/Box2D_v2.2.1/CMakeFiles/CMakeTmp
    /Applications/Xcode.app/Contents/Developer/Toolchains/XcodeDefault.xctoolchain/usr/bin/clang -arch x86_64 -isysroot /Applications/Xcode.app/Contents/Developer/Platforms/MacOSX.platform/Developer/SDKs/MacOSX10.7.sdk -L/Users/contrarian/github/local/Daniel-Lewis-Learning-Directory/C++/LearnC++/Box2D_v2.2.1/CMakeFiles/CMakeTmp/Debug -F/Users/contrarian/github/local/Daniel-Lewis-Learning-Directory/C++/LearnC++/Box2D_v2.2.1/CMakeFiles/CMakeTmp/Debug -filelist /Users/contrarian/github/local/Daniel-Lewis-Learning-Directory/C++/LearnC++/Box2D_v2.2.1/CMakeFiles/CMakeTmp/CMAKE_TRY_COMPILE.build/Debug/cmTryCompileExec660956485.build/Objects-normal/x86_64/cmTryCompileExec660956485.LinkFileList -mmacosx-version-min=10.7 -Wl,-search_paths_first -Wl,-headerpad_max_install_names -o /Users/contrarian/github/local/Daniel-Lewis-Learning-Directory/C++/LearnC++/Box2D_v2.2.1/CMakeFiles/CMakeTmp/Debug/cmTryCompileExec660956485

PhaseScriptExecution "CMake PostBuild Rules" CMAKE_TRY_COMPILE.build/Debug/cmTryCompileExec660956485.build/Script-7BF6D03922E44F2292470021.sh
    cd /Users/contrarian/github/local/Daniel-Lewis-Learning-Directory/C++/LearnC++/Box2D_v2.2.1/CMakeFiles/CMakeTmp
    /bin/sh -c /Users/contrarian/github/local/Daniel-Lewis-Learning-Directory/C++/LearnC++/Box2D_v2.2.1/CMakeFiles/CMakeTmp/CMAKE_TRY_COMPILE.build/Debug/cmTryCompileExec660956485.build/Script-7BF6D03922E44F2292470021.sh
echo "Depend check for xcode"
Depend check for xcode
cd /Users/contrarian/github/local/Daniel-Lewis-Learning-Directory/C++/LearnC++/Box2D_v2.2.1/CMakeFiles/CMakeTmp && make -C /Users/contrarian/github/local/Daniel-Lewis-Learning-Directory/C++/LearnC++/Box2D_v2.2.1/CMakeFiles/CMakeTmp -f /Users/contrarian/github/local/Daniel-Lewis-Learning-Directory/C++/LearnC++/Box2D_v2.2.1/CMakeFiles/CMakeTmp/CMakeScripts/XCODE_DEPEND_HELPER.make PostBuild.cmTryCompileExec660956485.Debug
make[1]: Nothing to be done for `PostBuild.cmTryCompileExec660956485.Debug'.


** BUILD SUCCEEDED **



Detecting C compiler ABI info compiled with the following output:
Change Dir: /Users/contrarian/github/local/Daniel-Lewis-Learning-Directory/C++/LearnC++/Box2D_v2.2.1/CMakeFiles/CMakeTmp

Run Build Command:/usr/local/Cellar/cmake/2.8.9/bin/cmakexbuild -project CMAKE_TRY_COMPILE.xcodeproj build -target cmTryCompileExec1926918031 -configuration Debug
=== BUILD NATIVE TARGET cmTryCompileExec1926918031 OF PROJECT CMAKE_TRY_COMPILE WITH CONFIGURATION Debug ===
Check dependencies

CompileC CMAKE_TRY_COMPILE.build/Debug/cmTryCompileExec1926918031.build/Objects-normal/x86_64/CMakeCCompilerABI.o ../../../../../../../../../../usr/local/Cellar/cmake/2.8.9/share/cmake/Modules/CMakeCCompilerABI.c normal x86_64 c com.apple.compilers.llvm.clang.1_0.compiler
    cd /Users/contrarian/github/local/Daniel-Lewis-Learning-Directory/C++/LearnC++/Box2D_v2.2.1/CMakeFiles/CMakeTmp
    /Applications/Xcode.app/Contents/Developer/Toolchains/XcodeDefault.xctoolchain/usr/bin/clang -x c -arch x86_64 -fmessage-length=0 -Wno-trigraphs -fpascal-strings -O0 -Wno-missing-field-initializers -Wno-missing-prototypes -Wno-return-type -Wformat -Wno-missing-braces -Wparentheses -Wswitch -Wno-unused-function -Wno-unused-label -Wno-unused-parameter -Wno-unused-variable -Wunused-value -Wno-uninitialized -Wno-unknown-pragmas -Wno-shadow -Wno-four-char-constants -Wno-conversion -Wno-sign-compare -Wno-shorten-64-to-32 -Wpointer-sign -Wno-newline-eof "-DCMAKE_INTDIR=\"Debug\"" -isysroot /Applications/Xcode.app/Contents/Developer/Platforms/MacOSX.platform/Developer/SDKs/MacOSX10.7.sdk -fasm-blocks -Wdeprecated-declarations -mmacosx-version-min=10.7 -g -Wno-sign-conversion -I/Users/contrarian/github/local/Daniel-Lewis-Learning-Directory/C++/LearnC++/Box2D_v2.2.1/CMakeFiles/CMakeTmp/Debug/include -I/Applications/Xcode.app/Contents/Developer/Toolchains/XcodeDefault.xctoolchain/usr/include -I/Users/contrarian/github/local/Daniel-Lewis-Learning-Directory/C++/LearnC++/Box2D_v2.2.1/CMakeFiles/CMakeTmp/CMAKE_TRY_COMPILE.build/Debug/cmTryCompileExec1926918031.build/DerivedSources/x86_64 -I/Users/contrarian/github/local/Daniel-Lewis-Learning-Directory/C++/LearnC++/Box2D_v2.2.1/CMakeFiles/CMakeTmp/CMAKE_TRY_COMPILE.build/Debug/cmTryCompileExec1926918031.build/DerivedSources -Wmost -Wno-four-char-constants -Wno-unknown-pragmas -F/Users/contrarian/github/local/Daniel-Lewis-Learning-Directory/C++/LearnC++/Box2D_v2.2.1/CMakeFiles/CMakeTmp/Debug -MMD -MT dependencies -MF /Users/contrarian/github/local/Daniel-Lewis-Learning-Directory/C++/LearnC++/Box2D_v2.2.1/CMakeFiles/CMakeTmp/CMAKE_TRY_COMPILE.build/Debug/cmTryCompileExec1926918031.build/Objects-normal/x86_64/CMakeCCompilerABI.d --serialize-diagnostics /Users/contrarian/github/local/Daniel-Lewis-Learning-Directory/C++/LearnC++/Box2D_v2.2.1/CMakeFiles/CMakeTmp/CMAKE_TRY_COMPILE.build/Debug/cmTryCompileExec1926918031.build/Objects-normal/x86_64/CMakeCCompilerABI.dia -c /Users/contrarian/github/local/Daniel-Lewis-Learning-Directory/C++/LearnC++/Box2D_v2.2.1/CMakeFiles/CMakeTmp/../../../../../../../../../../usr/local/Cellar/cmake/2.8.9/share/cmake/Modules/CMakeCCompilerABI.c -o /Users/contrarian/github/local/Daniel-Lewis-Learning-Directory/C++/LearnC++/Box2D_v2.2.1/CMakeFiles/CMakeTmp/CMAKE_TRY_COMPILE.build/Debug/cmTryCompileExec1926918031.build/Objects-normal/x86_64/CMakeCCompilerABI.o

Ld Debug/cmTryCompileExec1926918031 normal x86_64
    cd /Users/contrarian/github/local/Daniel-Lewis-Learning-Directory/C++/LearnC++/Box2D_v2.2.1/CMakeFiles/CMakeTmp
    /Applications/Xcode.app/Contents/Developer/Toolchains/XcodeDefault.xctoolchain/usr/bin/clang -arch x86_64 -isysroot /Applications/Xcode.app/Contents/Developer/Platforms/MacOSX.platform/Developer/SDKs/MacOSX10.7.sdk -L/Users/contrarian/github/local/Daniel-Lewis-Learning-Directory/C++/LearnC++/Box2D_v2.2.1/CMakeFiles/CMakeTmp/Debug -F/Users/contrarian/github/local/Daniel-Lewis-Learning-Directory/C++/LearnC++/Box2D_v2.2.1/CMakeFiles/CMakeTmp/Debug -filelist /Users/contrarian/github/local/Daniel-Lewis-Learning-Directory/C++/LearnC++/Box2D_v2.2.1/CMakeFiles/CMakeTmp/CMAKE_TRY_COMPILE.build/Debug/cmTryCompileExec1926918031.build/Objects-normal/x86_64/cmTryCompileExec1926918031.LinkFileList -mmacosx-version-min=10.7 -v -Wl,-search_paths_first -Wl,-headerpad_max_install_names -o /Users/contrarian/github/local/Daniel-Lewis-Learning-Directory/C++/LearnC++/Box2D_v2.2.1/CMakeFiles/CMakeTmp/Debug/cmTryCompileExec1926918031
Apple clang version 4.0 (tags/Apple/clang-421.0.60) (based on LLVM 3.1svn)
Target: x86_64-apple-darwin11.4.0
Thread model: posix
 "/Applications/Xcode.app/Contents/Developer/Toolchains/XcodeDefault.xctoolchain/usr/bin/ld" -demangle -dynamic -arch x86_64 -macosx_version_min 10.7.0 -syslibroot /Applications/Xcode.app/Contents/Developer/Platforms/MacOSX.platform/Developer/SDKs/MacOSX10.7.sdk -o /Users/contrarian/github/local/Daniel-Lewis-Learning-Directory/C++/LearnC++/Box2D_v2.2.1/CMakeFiles/CMakeTmp/Debug/cmTryCompileExec1926918031 -lcrt1.10.6.o -L/Users/contrarian/github/local/Daniel-Lewis-Learning-Directory/C++/LearnC++/Box2D_v2.2.1/CMakeFiles/CMakeTmp/Debug -filelist /Users/contrarian/github/local/Daniel-Lewis-Learning-Directory/C++/LearnC++/Box2D_v2.2.1/CMakeFiles/CMakeTmp/CMAKE_TRY_COMPILE.build/Debug/cmTryCompileExec1926918031.build/Objects-normal/x86_64/cmTryCompileExec1926918031.LinkFileList -search_paths_first -headerpad_max_install_names -lSystem /Applications/Xcode.app/Contents/Developer/Toolchains/XcodeDefault.xctoolchain/usr/bin/../lib/clang/4.0/lib/darwin/libclang_rt.osx.a -F/Users/contrarian/github/local/Daniel-Lewis-Learning-Directory/C++/LearnC++/Box2D_v2.2.1/CMakeFiles/CMakeTmp/Debug

PhaseScriptExecution "CMake PostBuild Rules" CMAKE_TRY_COMPILE.build/Debug/cmTryCompileExec1926918031.build/Script-47B4BC00D5044E79BA8DCDB2.sh
    cd /Users/contrarian/github/local/Daniel-Lewis-Learning-Directory/C++/LearnC++/Box2D_v2.2.1/CMakeFiles/CMakeTmp
    /bin/sh -c /Users/contrarian/github/local/Daniel-Lewis-Learning-Directory/C++/LearnC++/Box2D_v2.2.1/CMakeFiles/CMakeTmp/CMAKE_TRY_COMPILE.build/Debug/cmTryCompileExec1926918031.build/Script-47B4BC00D5044E79BA8DCDB2.sh
echo "Depend check for xcode"
Depend check for xcode
cd /Users/contrarian/github/local/Daniel-Lewis-Learning-Directory/C++/LearnC++/Box2D_v2.2.1/CMakeFiles/CMakeTmp && make -C /Users/contrarian/github/local/Daniel-Lewis-Learning-Directory/C++/LearnC++/Box2D_v2.2.1/CMakeFiles/CMakeTmp -f /Users/contrarian/github/local/Daniel-Lewis-Learning-Directory/C++/LearnC++/Box2D_v2.2.1/CMakeFiles/CMakeTmp/CMakeScripts/XCODE_DEPEND_HELPER.make PostBuild.cmTryCompileExec1926918031.Debug
make[1]: Nothing to be done for `PostBuild.cmTryCompileExec1926918031.Debug'.


** BUILD SUCCEEDED **



Determining if the CXX compiler works passed with the following output:
Change Dir: /Users/contrarian/github/local/Daniel-Lewis-Learning-Directory/C++/LearnC++/Box2D_v2.2.1/CMakeFiles/CMakeTmp

Run Build Command:/usr/local/Cellar/cmake/2.8.9/bin/cmakexbuild -project CMAKE_TRY_COMPILE.xcodeproj build -target cmTryCompileExec3716145369 -configuration Debug
=== BUILD NATIVE TARGET cmTryCompileExec3716145369 OF PROJECT CMAKE_TRY_COMPILE WITH CONFIGURATION Debug ===
Check dependencies

CompileC CMAKE_TRY_COMPILE.build/Debug/cmTryCompileExec3716145369.build/Objects-normal/x86_64/testCXXCompiler.o testCXXCompiler.cxx normal x86_64 c++ com.apple.compilers.llvm.clang.1_0.compiler
    cd /Users/contrarian/github/local/Daniel-Lewis-Learning-Directory/C++/LearnC++/Box2D_v2.2.1/CMakeFiles/CMakeTmp
    /Applications/Xcode.app/Contents/Developer/Toolchains/XcodeDefault.xctoolchain/usr/bin/clang -x c++ -arch x86_64 -fmessage-length=0 -Wno-trigraphs -fpascal-strings -O0 -Wno-missing-field-initializers -Wno-missing-prototypes -Wno-return-type -Wno-non-virtual-dtor -Wno-overloaded-virtual -Wno-exit-time-destructors -Wformat -Wno-missing-braces -Wparentheses -Wswitch -Wno-unused-function -Wno-unused-label -Wno-unused-parameter -Wno-unused-variable -Wunused-value -Wno-uninitialized -Wno-unknown-pragmas -Wno-shadow -Wno-four-char-constants -Wno-conversion -Wno-sign-compare -Wno-shorten-64-to-32 -Wno-newline-eof -Wc++11-extensions "-DCMAKE_INTDIR=\"Debug\"" -isysroot /Applications/Xcode.app/Contents/Developer/Platforms/MacOSX.platform/Developer/SDKs/MacOSX10.7.sdk -fasm-blocks -Wdeprecated-declarations -Winvalid-offsetof -mmacosx-version-min=10.7 -Wno-sign-conversion -I/Users/contrarian/github/local/Daniel-Lewis-Learning-Directory/C++/LearnC++/Box2D_v2.2.1/CMakeFiles/CMakeTmp/Debug/include -I/Applications/Xcode.app/Contents/Developer/Toolchains/XcodeDefault.xctoolchain/usr/include -I/Users/contrarian/github/local/Daniel-Lewis-Learning-Directory/C++/LearnC++/Box2D_v2.2.1/CMakeFiles/CMakeTmp/CMAKE_TRY_COMPILE.build/Debug/cmTryCompileExec3716145369.build/DerivedSources/x86_64 -I/Users/contrarian/github/local/Daniel-Lewis-Learning-Directory/C++/LearnC++/Box2D_v2.2.1/CMakeFiles/CMakeTmp/CMAKE_TRY_COMPILE.build/Debug/cmTryCompileExec3716145369.build/DerivedSources -Wmost -Wno-four-char-constants -Wno-unknown-pragmas -F/Users/contrarian/github/local/Daniel-Lewis-Learning-Directory/C++/LearnC++/Box2D_v2.2.1/CMakeFiles/CMakeTmp/Debug -g -MMD -MT dependencies -MF /Users/contrarian/github/local/Daniel-Lewis-Learning-Directory/C++/LearnC++/Box2D_v2.2.1/CMakeFiles/CMakeTmp/CMAKE_TRY_COMPILE.build/Debug/cmTryCompileExec3716145369.build/Objects-normal/x86_64/testCXXCompiler.d --serialize-diagnostics /Users/contrarian/github/local/Daniel-Lewis-Learning-Directory/C++/LearnC++/Box2D_v2.2.1/CMakeFiles/CMakeTmp/CMAKE_TRY_COMPILE.build/Debug/cmTryCompileExec3716145369.build/Objects-normal/x86_64/testCXXCompiler.dia -c /Users/contrarian/github/local/Daniel-Lewis-Learning-Directory/C++/LearnC++/Box2D_v2.2.1/CMakeFiles/CMakeTmp/testCXXCompiler.cxx -o /Users/contrarian/github/local/Daniel-Lewis-Learning-Directory/C++/LearnC++/Box2D_v2.2.1/CMakeFiles/CMakeTmp/CMAKE_TRY_COMPILE.build/Debug/cmTryCompileExec3716145369.build/Objects-normal/x86_64/testCXXCompiler.o

Ld Debug/cmTryCompileExec3716145369 normal x86_64
    cd /Users/contrarian/github/local/Daniel-Lewis-Learning-Directory/C++/LearnC++/Box2D_v2.2.1/CMakeFiles/CMakeTmp
    /Applications/Xcode.app/Contents/Developer/Toolchains/XcodeDefault.xctoolchain/usr/bin/clang++ -arch x86_64 -isysroot /Applications/Xcode.app/Contents/Developer/Platforms/MacOSX.platform/Developer/SDKs/MacOSX10.7.sdk -L/Users/contrarian/github/local/Daniel-Lewis-Learning-Directory/C++/LearnC++/Box2D_v2.2.1/CMakeFiles/CMakeTmp/Debug -F/Users/contrarian/github/local/Daniel-Lewis-Learning-Directory/C++/LearnC++/Box2D_v2.2.1/CMakeFiles/CMakeTmp/Debug -filelist /Users/contrarian/github/local/Daniel-Lewis-Learning-Directory/C++/LearnC++/Box2D_v2.2.1/CMakeFiles/CMakeTmp/CMAKE_TRY_COMPILE.build/Debug/cmTryCompileExec3716145369.build/Objects-normal/x86_64/cmTryCompileExec3716145369.LinkFileList -mmacosx-version-min=10.7 -Wl,-search_paths_first -Wl,-headerpad_max_install_names -o /Users/contrarian/github/local/Daniel-Lewis-Learning-Directory/C++/LearnC++/Box2D_v2.2.1/CMakeFiles/CMakeTmp/Debug/cmTryCompileExec3716145369

PhaseScriptExecution "CMake PostBuild Rules" CMAKE_TRY_COMPILE.build/Debug/cmTryCompileExec3716145369.build/Script-DC078564F74D4BB08F756C37.sh
    cd /Users/contrarian/github/local/Daniel-Lewis-Learning-Directory/C++/LearnC++/Box2D_v2.2.1/CMakeFiles/CMakeTmp
    /bin/sh -c /Users/contrarian/github/local/Daniel-Lewis-Learning-Directory/C++/LearnC++/Box2D_v2.2.1/CMakeFiles/CMakeTmp/CMAKE_TRY_COMPILE.build/Debug/cmTryCompileExec3716145369.build/Script-DC078564F74D4BB08F756C37.sh
echo "Depend check for xcode"
Depend check for xcode
cd /Users/contrarian/github/local/Daniel-Lewis-Learning-Directory/C++/LearnC++/Box2D_v2.2.1/CMakeFiles/CMakeTmp && make -C /Users/contrarian/github/local/Daniel-Lewis-Learning-Directory/C++/LearnC++/Box2D_v2.2.1/CMakeFiles/CMakeTmp -f /Users/contrarian/github/local/Daniel-Lewis-Learning-Directory/C++/LearnC++/Box2D_v2.2.1/CMakeFiles/CMakeTmp/CMakeScripts/XCODE_DEPEND_HELPER.make PostBuild.cmTryCompileExec3716145369.Debug
make[1]: Nothing to be done for `PostBuild.cmTryCompileExec3716145369.Debug'.


** BUILD SUCCEEDED **



Detecting CXX compiler ABI info compiled with the following output:
Change Dir: /Users/contrarian/github/local/Daniel-Lewis-Learning-Directory/C++/LearnC++/Box2D_v2.2.1/CMakeFiles/CMakeTmp

Run Build Command:/usr/local/Cellar/cmake/2.8.9/bin/cmakexbuild -project CMAKE_TRY_COMPILE.xcodeproj build -target cmTryCompileExec1865486829 -configuration Debug
=== BUILD NATIVE TARGET cmTryCompileExec1865486829 OF PROJECT CMAKE_TRY_COMPILE WITH CONFIGURATION Debug ===
Check dependencies

CompileC CMAKE_TRY_COMPILE.build/Debug/cmTryCompileExec1865486829.build/Objects-normal/x86_64/CMakeCXXCompilerABI.o ../../../../../../../../../../usr/local/Cellar/cmake/2.8.9/share/cmake/Modules/CMakeCXXCompilerABI.cpp normal x86_64 c++ com.apple.compilers.llvm.clang.1_0.compiler
    cd /Users/contrarian/github/local/Daniel-Lewis-Learning-Directory/C++/LearnC++/Box2D_v2.2.1/CMakeFiles/CMakeTmp
    /Applications/Xcode.app/Contents/Developer/Toolchains/XcodeDefault.xctoolchain/usr/bin/clang -x c++ -arch x86_64 -fmessage-length=0 -Wno-trigraphs -fpascal-strings -O0 -Wno-missing-field-initializers -Wno-missing-prototypes -Wno-return-type -Wno-non-virtual-dtor -Wno-overloaded-virtual -Wno-exit-time-destructors -Wformat -Wno-missing-braces -Wparentheses -Wswitch -Wno-unused-function -Wno-unused-label -Wno-unused-parameter -Wno-unused-variable -Wunused-value -Wno-uninitialized -Wno-unknown-pragmas -Wno-shadow -Wno-four-char-constants -Wno-conversion -Wno-sign-compare -Wno-shorten-64-to-32 -Wno-newline-eof -Wc++11-extensions "-DCMAKE_INTDIR=\"Debug\"" -isysroot /Applications/Xcode.app/Contents/Developer/Platforms/MacOSX.platform/Developer/SDKs/MacOSX10.7.sdk -fasm-blocks -Wdeprecated-declarations -Winvalid-offsetof -mmacosx-version-min=10.7 -Wno-sign-conversion -I/Users/contrarian/github/local/Daniel-Lewis-Learning-Directory/C++/LearnC++/Box2D_v2.2.1/CMakeFiles/CMakeTmp/Debug/include -I/Applications/Xcode.app/Contents/Developer/Toolchains/XcodeDefault.xctoolchain/usr/include -I/Users/contrarian/github/local/Daniel-Lewis-Learning-Directory/C++/LearnC++/Box2D_v2.2.1/CMakeFiles/CMakeTmp/CMAKE_TRY_COMPILE.build/Debug/cmTryCompileExec1865486829.build/DerivedSources/x86_64 -I/Users/contrarian/github/local/Daniel-Lewis-Learning-Directory/C++/LearnC++/Box2D_v2.2.1/CMakeFiles/CMakeTmp/CMAKE_TRY_COMPILE.build/Debug/cmTryCompileExec1865486829.build/DerivedSources -Wmost -Wno-four-char-constants -Wno-unknown-pragmas -F/Users/contrarian/github/local/Daniel-Lewis-Learning-Directory/C++/LearnC++/Box2D_v2.2.1/CMakeFiles/CMakeTmp/Debug -g -MMD -MT dependencies -MF /Users/contrarian/github/local/Daniel-Lewis-Learning-Directory/C++/LearnC++/Box2D_v2.2.1/CMakeFiles/CMakeTmp/CMAKE_TRY_COMPILE.build/Debug/cmTryCompileExec1865486829.build/Objects-normal/x86_64/CMakeCXXCompilerABI.d --serialize-diagnostics /Users/contrarian/github/local/Daniel-Lewis-Learning-Directory/C++/LearnC++/Box2D_v2.2.1/CMakeFiles/CMakeTmp/CMAKE_TRY_COMPILE.build/Debug/cmTryCompileExec1865486829.build/Objects-normal/x86_64/CMakeCXXCompilerABI.dia -c /Users/contrarian/github/local/Daniel-Lewis-Learning-Directory/C++/LearnC++/Box2D_v2.2.1/CMakeFiles/CMakeTmp/../../../../../../../../../../usr/local/Cellar/cmake/2.8.9/share/cmake/Modules/CMakeCXXCompilerABI.cpp -o /Users/contrarian/github/local/Daniel-Lewis-Learning-Directory/C++/LearnC++/Box2D_v2.2.1/CMakeFiles/CMakeTmp/CMAKE_TRY_COMPILE.build/Debug/cmTryCompileExec1865486829.build/Objects-normal/x86_64/CMakeCXXCompilerABI.o

Ld Debug/cmTryCompileExec1865486829 normal x86_64
    cd /Users/contrarian/github/local/Daniel-Lewis-Learning-Directory/C++/LearnC++/Box2D_v2.2.1/CMakeFiles/CMakeTmp
    /Applications/Xcode.app/Contents/Developer/Toolchains/XcodeDefault.xctoolchain/usr/bin/clang++ -arch x86_64 -isysroot /Applications/Xcode.app/Contents/Developer/Platforms/MacOSX.platform/Developer/SDKs/MacOSX10.7.sdk -L/Users/contrarian/github/local/Daniel-Lewis-Learning-Directory/C++/LearnC++/Box2D_v2.2.1/CMakeFiles/CMakeTmp/Debug -F/Users/contrarian/github/local/Daniel-Lewis-Learning-Directory/C++/LearnC++/Box2D_v2.2.1/CMakeFiles/CMakeTmp/Debug -filelist /Users/contrarian/github/local/Daniel-Lewis-Learning-Directory/C++/LearnC++/Box2D_v2.2.1/CMakeFiles/CMakeTmp/CMAKE_TRY_COMPILE.build/Debug/cmTryCompileExec1865486829.build/Objects-normal/x86_64/cmTryCompileExec1865486829.LinkFileList -mmacosx-version-min=10.7 -v -Wl,-search_paths_first -Wl,-headerpad_max_install_names -o /Users/contrarian/github/local/Daniel-Lewis-Learning-Directory/C++/LearnC++/Box2D_v2.2.1/CMakeFiles/CMakeTmp/Debug/cmTryCompileExec1865486829
Apple clang version 4.0 (tags/Apple/clang-421.0.60) (based on LLVM 3.1svn)
Target: x86_64-apple-darwin11.4.0
Thread model: posix
 "/Applications/Xcode.app/Contents/Developer/Toolchains/XcodeDefault.xctoolchain/usr/bin/ld" -demangle -dynamic -arch x86_64 -macosx_version_min 10.7.0 -syslibroot /Applications/Xcode.app/Contents/Developer/Platforms/MacOSX.platform/Developer/SDKs/MacOSX10.7.sdk -o /Users/contrarian/github/local/Daniel-Lewis-Learning-Directory/C++/LearnC++/Box2D_v2.2.1/CMakeFiles/CMakeTmp/Debug/cmTryCompileExec1865486829 -lcrt1.10.6.o -L/Users/contrarian/github/local/Daniel-Lewis-Learning-Directory/C++/LearnC++/Box2D_v2.2.1/CMakeFiles/CMakeTmp/Debug -filelist /Users/contrarian/github/local/Daniel-Lewis-Learning-Directory/C++/LearnC++/Box2D_v2.2.1/CMakeFiles/CMakeTmp/CMAKE_TRY_COMPILE.build/Debug/cmTryCompileExec1865486829.build/Objects-normal/x86_64/cmTryCompileExec1865486829.LinkFileList -search_paths_first -headerpad_max_install_names -lstdc++ -lSystem /Applications/Xcode.app/Contents/Developer/Toolchains/XcodeDefault.xctoolchain/usr/bin/../lib/clang/4.0/lib/darwin/libclang_rt.osx.a -F/Users/contrarian/github/local/Daniel-Lewis-Learning-Directory/C++/LearnC++/Box2D_v2.2.1/CMakeFiles/CMakeTmp/Debug

PhaseScriptExecution "CMake PostBuild Rules" CMAKE_TRY_COMPILE.build/Debug/cmTryCompileExec1865486829.build/Script-8D81614ACB2E482797C60029.sh
    cd /Users/contrarian/github/local/Daniel-Lewis-Learning-Directory/C++/LearnC++/Box2D_v2.2.1/CMakeFiles/CMakeTmp
    /bin/sh -c /Users/contrarian/github/local/Daniel-Lewis-Learning-Directory/C++/LearnC++/Box2D_v2.2.1/CMakeFiles/CMakeTmp/CMAKE_TRY_COMPILE.build/Debug/cmTryCompileExec1865486829.build/Script-8D81614ACB2E482797C60029.sh
echo "Depend check for xcode"
Depend check for xcode
cd /Users/contrarian/github/local/Daniel-Lewis-Learning-Directory/C++/LearnC++/Box2D_v2.2.1/CMakeFiles/CMakeTmp && make -C /Users/contrarian/github/local/Daniel-Lewis-Learning-Directory/C++/LearnC++/Box2D_v2.2.1/CMakeFiles/CMakeTmp -f /Users/contrarian/github/local/Daniel-Lewis-Learning-Directory/C++/LearnC++/Box2D_v2.2.1/CMakeFiles/CMakeTmp/CMakeScripts/XCODE_DEPEND_HELPER.make PostBuild.cmTryCompileExec1865486829.Debug
make[1]: Nothing to be done for `PostBuild.cmTryCompileExec1865486829.Debug'.


** BUILD SUCCEEDED **



